<?xml version="1.0" encoding="UTF-8"?>
<testsuite name="MainTest" tests="1" skipped="0" failures="0" errors="0" timestamp="2015-03-22T12:24:41" hostname="nicholasren-mbpr.local" time="0.005">
  <properties/>
  <testcase name="should_return_added_value" classname="MainTest" time="0.005"/>
  <system-out><![CDATA[]]></system-out>
  <system-err><![CDATA[]]></system-err>
</testsuite>
